(( entry class (Identifier,Sample1) ((PUBLIC) method (Identifier,main)(IntType) (
(var (Identifier,array_size_1) (IntValue,10))
(var (Identifier,array_2) (new arrayof (IntType) (Identifier,array_size)))
(var (Identifier,i_3) (IntValue,0))
(if (Identifier,i) ( 
(Continue)
(Break)
)
 (Skip)
)
(while (< (Identifier,i) (Identifier,array_size)) ( 
(if (== (Identifier,i) (/ (Identifier,array_size) (IntValue,2))) ( 
(= ([] (Identifier,array) (Identifier,i)) (IntValue,1))
(Continue)
)
 (Skip)
)
(= ([] (Identifier,array) (Identifier,i)) (+ (Identifier,i) (IntValue,1)))
(++ (Identifier,i))
)
)
(= (Identifier,i) (IntValue,0))
(while (< (Identifier,i) (Identifier,array_size)) ( 
(var (Identifier,val_4) (. (new (Identifier,BinarySearch)) (Identifier,doSearch) ((IntValue,1) (IntValue,0) (- (. (Identifier,array) (Identifier,length)) (IntValue,1)) ) ))
(= (Identifier,val) (. (new (Identifier,BinarySearch)) (Identifier,doSearch) ((IntValue,0) (- (. (Identifier,array) (Identifier,length)) (IntValue,1)) ) ))
)
)
(return (BoolValue,false))
 ) 
)
)
(class (Identifier,BinarySearch) ((PRIVATE) field (Identifier,data) (ArrayType,(IntType)))
((PRIVATE) method (Identifier,doSearch)( (Identifier,value_1) : (IntType)) ( (Identifier,_begin_2) : (IntType)) ( (Identifier,_end_3) : (IntType)) (IntType) (
(var (Identifier,middle_4) (/ (+ (Identifier,_begin) (Identifier,_end)) (IntValue,2)))
(var (Identifier,foundVal_5) (. (Self) (Identifier,doSearch) ((Identifier,value) (Identifier,_begin) (Identifier,middle) ) ))
(if (! (Identifier,foundVal)) (= (Identifier,foundVal) (. (Self) (Identifier,doSearch) ((Identifier,value) (+ (Identifier,middle) (IntValue,1)) (Identifier,_end) ) ))
 (Skip)
)
(return (+ (Identifier,foundVal) (. (. (new (Identifier,BinarySearch)) (Identifier,data)) (Identifier,length))))
 ) 
)
((PUBLIC) method (Identifier,find)( (Identifier,value_1) : (IntType)) (IntType) (
(var (Identifier,value1_2) (. (. (Self) (Identifier,_doSearch) ((Identifier,value) (IntValue,0) (- (. (Identifier,_data) (Identifier,length)) (IntValue,1)) ) ) (Identifier,toString) () ))
(return (. (. (Self) (Identifier,doSearch) ((Identifier,value) (IntValue,0) (- (. (Identifier,data) (Identifier,length)) (IntValue,1)) ) ) (Identifier,toString) () ))
 ) 
)
)
)
